{"level":"info","message":"Database Connected","service":"userActivityTracking","timestamp":"2021-09-28 19:26:14"}
{"level":"info","message":"user undefined requested to get changeset details with ID 7","service":"userActivityTracking","timestamp":"2021-09-28 19:26:14"}
{"level":"info","message":"new user added :: 19","service":"userActivityTracking","timestamp":"2021-09-28 19:26:33"}
{"level":"info","message":"Database Connected","service":"userActivityTracking","timestamp":"2021-09-28 19:31:55"}
{"level":"info","message":"Database Connected","service":"userActivityTracking","timestamp":"2021-09-28 19:32:21"}
{"level":"info","message":"Database Connected","service":"userActivityTracking","timestamp":"2021-09-28 19:51:13"}
{"level":"info","message":"Database Connected","service":"userActivityTracking","timestamp":"2021-09-28 19:51:48"}
{"level":"info","message":"Database Connected","service":"userActivityTracking","timestamp":"2021-09-28 19:53:55"}
{"level":"info","message":"Database Connected","service":"userActivityTracking","timestamp":"2021-09-28 20:04:05"}
{"level":"info","message":"Database Connected","service":"userActivityTracking","timestamp":"2021-09-28 20:06:10"}
{"level":"info","message":"Database Connected","service":"userActivityTracking","timestamp":"2021-09-28 20:06:29"}
{"level":"info","message":"Database Connected","service":"userActivityTracking","timestamp":"2021-09-28 20:06:53"}
{"level":"info","message":"Database Connected","service":"userActivityTracking","timestamp":"2021-09-28 20:10:30"}
{"level":"error","message":"Server Start Failed listen EADDRINUSE: address already in use 127.0.0.1:3000","service":"userActivityTracking","timestamp":"2021-09-28 20:11:31"}
{"level":"error","message":"Server Start Failed listen EADDRINUSE: address already in use 127.0.0.1:3000","service":"userActivityTracking","timestamp":"2021-09-28 20:11:55"}
{"level":"info","message":"Database Connected","service":"userActivityTracking","timestamp":"2021-09-28 20:12:43"}
{"level":"info","message":"Database Connected","service":"userActivityTracking","timestamp":"2021-09-28 20:16:22"}
{"level":"error","message":"File name already exists in DB","service":"userActivityTracking","timestamp":"2021-09-28 20:16:28"}
{"level":"error","message":" Error occurred while checkin :: File name must be uniqe. Duplicate file name entered for new file addition","service":"userActivityTracking","timestamp":"2021-09-28 20:16:28"}
{"level":"error","message":"File name already exists in DB","service":"userActivityTracking","timestamp":"2021-09-28 20:21:53"}
{"level":"error","message":" Error occurred while checkin :: File name must be uniqe. Duplicate file name entered for new file addition","service":"userActivityTracking","timestamp":"2021-09-28 20:21:53"}
{"level":"info","message":"Database Connected","service":"userActivityTracking","timestamp":"2021-09-28 20:22:49"}
{"level":"info","message":"Database Connected","service":"userActivityTracking","timestamp":"2021-09-28 20:23:01"}
{"level":"info","message":"Database Connected","service":"userActivityTracking","timestamp":"2021-09-28 20:23:14"}
{"level":"error","message":"File name already exists in DB","service":"userActivityTracking","timestamp":"2021-09-28 20:23:19"}
{"level":"error","message":" Error occurred while checkin :: File name must be uniqe. Duplicate file name entered for new file addition","service":"userActivityTracking","timestamp":"2021-09-28 20:23:19"}
{"level":"info","message":"File creation success for file2s0.js","service":"userActivityTracking","timestamp":"2021-09-28 20:23:24"}
{"level":"info","message":"1 commits successfully pushed to Branch ID :: 1 from 1","service":"userActivityTracking","timestamp":"2021-09-28 20:23:24"}
{"level":"info","message":"Database Connected","service":"userActivityTracking","timestamp":"2021-09-28 22:38:39"}
{"level":"info","message":"Database Connected","service":"userActivityTracking","timestamp":"2021-09-29 07:23:50"}
{"level":"info","message":"Database Connected","service":"userActivityTracking","timestamp":"2021-09-29 07:24:17"}
{"level":"info","message":"Database Connected","service":"userActivityTracking","timestamp":"2021-09-29 07:24:39"}
{"level":"info","message":"Database Connected","service":"userActivityTracking","timestamp":"2021-09-29 07:27:38"}
{"level":"info","message":"Database Connected","service":"userActivityTracking","timestamp":"2021-09-29 07:28:07"}
{"level":"info","message":"Database Connected","service":"userActivityTracking","timestamp":"2021-09-29 07:29:12"}
{"level":"info","message":"Database Connected","service":"userActivityTracking","timestamp":"2021-09-29 07:32:36"}
{"level":"info","message":"Database Connected","service":"userActivityTracking","timestamp":"2021-09-29 07:38:12"}
{"level":"info","message":"Database Connected","service":"userActivityTracking","timestamp":"2021-09-29 07:39:26"}
{"level":"info","message":"Database Connected","service":"userActivityTracking","timestamp":"2021-09-29 07:39:46"}
{"level":"info","message":"Database Connected","service":"userActivityTracking","timestamp":"2021-09-29 07:40:14"}
{"level":"info","message":"Database Connected","service":"userActivityTracking","timestamp":"2021-09-29 07:40:37"}
{"level":"info","message":"Database Connected","service":"userActivityTracking","timestamp":"2021-09-29 07:40:43"}
{"level":"info","message":"Database Connected","service":"userActivityTracking","timestamp":"2021-09-29 07:40:56"}
{"level":"info","message":"Database Connected","service":"userActivityTracking","timestamp":"2021-09-29 07:40:59"}
{"level":"info","message":"Database Connected","service":"userActivityTracking","timestamp":"2021-09-29 07:41:04"}
{"level":"info","message":"Database Connected","service":"userActivityTracking","timestamp":"2021-09-29 07:41:06"}
{"level":"info","message":"Database Connected","service":"userActivityTracking","timestamp":"2021-09-29 07:41:09"}
{"level":"info","message":"Database Connected","service":"userActivityTracking","timestamp":"2021-09-29 07:41:11"}
{"level":"info","message":"Database Connected","service":"userActivityTracking","timestamp":"2021-09-29 07:41:12"}
{"level":"info","message":"Database Connected","service":"userActivityTracking","timestamp":"2021-09-29 07:41:23"}
{"level":"info","message":"Database Connected","service":"userActivityTracking","timestamp":"2021-09-29 07:41:30"}
{"level":"info","message":"Database Connected","service":"userActivityTracking","timestamp":"2021-09-29 07:41:33"}
{"level":"info","message":"Database Connected","service":"userActivityTracking","timestamp":"2021-09-29 07:41:43"}
{"level":"info","message":"Database Connected","service":"userActivityTracking","timestamp":"2021-09-29 07:42:00"}
{"level":"info","message":"Database Connected","service":"userActivityTracking","timestamp":"2021-09-29 07:42:04"}
{"level":"info","message":"Database Connected","service":"userActivityTracking","timestamp":"2021-09-29 07:42:07"}
{"level":"info","message":"Database Connected","service":"userActivityTracking","timestamp":"2021-09-29 07:42:09"}
{"level":"info","message":"Database Connected","service":"userActivityTracking","timestamp":"2021-09-29 07:42:11"}
{"level":"info","message":"Database Connected","service":"userActivityTracking","timestamp":"2021-09-29 07:42:13"}
{"level":"info","message":"Database Connected","service":"userActivityTracking","timestamp":"2021-09-29 07:42:14"}
{"level":"info","message":"Database Connected","service":"userActivityTracking","timestamp":"2021-09-29 07:42:16"}
{"level":"info","message":"Database Connected","service":"userActivityTracking","timestamp":"2021-09-29 07:43:56"}
